<?xml version="1.0" encoding="UTF-8"?>
<!-- Generated by org.testng.reporters.JUnitXMLReporter -->
<testsuite ignored="0" hostname="LAPTOP-2D27B82A" failures="1" tests="1" name="Account Module Tests" time="61.512" errors="0" timestamp="2026-04-16T18:51:46 IST">
  <testcase classname="tests.AccountTest" name="accountManagementFlow" time="28.258">
    <failure type="java.lang.AssertionError" message="Invalid customer validation failed">
      <![CDATA[java.lang.AssertionError: Invalid customer validation failed
at tests.AccountTest.accountManagementFlow(AccountTest.java:85)
at java.base/java.util.ArrayList.forEach(ArrayList.java:1511)
... Removed 28 stack frames]]>
    </failure>
  </testcase> <!-- accountManagementFlow -->
</testsuite> <!-- Account Module Tests -->
