<?xml version="1.0" encoding="UTF-8"?>
<!-- Generated by org.testng.reporters.JUnitXMLReporter -->
<testsuite ignored="0" hostname="LAPTOP-2D27B82A" failures="3" tests="4" name="Login Tests" time="88.71" errors="0" timestamp="2026-04-16T18:49:46 IST">
  <testcase classname="tests.LoginTest" name="verifyLogin" time="5.445"/>
  <testcase classname="tests.LoginTest" name="verifyLogin" time="1.321">
    <failure type="java.lang.AssertionError" message="Alert not displayed for invalid/blank login">
      <![CDATA[java.lang.AssertionError: Alert not displayed for invalid/blank login
at tests.LoginTest.verifyLogin(LoginTest.java:56)
at java.base/java.util.ArrayList.forEach(ArrayList.java:1511)
... Removed 28 stack frames]]>
    </failure>
  </testcase> <!-- verifyLogin -->
  <testcase classname="tests.LoginTest" name="verifyLogin" time="1.357">
    <failure type="java.lang.AssertionError" message="Alert not displayed for invalid/blank login">
      <![CDATA[java.lang.AssertionError: Alert not displayed for invalid/blank login
at tests.LoginTest.verifyLogin(LoginTest.java:56)
at java.base/java.util.ArrayList.forEach(ArrayList.java:1511)
... Removed 28 stack frames]]>
    </failure>
  </testcase> <!-- verifyLogin -->
  <testcase classname="tests.LoginTest" name="verifyLogout" time="11.104">
    <failure type="org.openqa.selenium.ElementClickInterceptedException" message="element click intercepted: Element &amp;lt;a href=&amp;quot;Logout.php&amp;quot;&amp;gt;...&amp;lt;/a&amp;gt; is not clickable at point (120, 660). Other element would receive the click: &amp;lt;p style=&amp;quot;text-align:center;&amp;quot;&amp;gt;...&amp;lt;/p&amp;gt;
  (Session info: chrome=147.0.7727.57)
Build info: version: &amp;apos;4.21.0&amp;apos;, revision: &amp;apos;79ed462ef4&amp;apos;
System info: os.name: &amp;apos;Windows 11&amp;apos;, os.arch: &amp;apos;amd64&amp;apos;, os.version: &amp;apos;10.0&amp;apos;, java.version: &amp;apos;17.0.12&amp;apos;
Driver info: org.openqa.selenium.chrome.ChromeDriver
Command: [8498e69286f5ea6a2596b643c26c4caf, clickElement {id=f.F9E496468E6FA93C2BC7AFEFEB11BE8A.d.F218473D2001D6E7AFDEB4DD6DB20162.e.41}]
Capabilities {acceptInsecureCerts: false, browserName: chrome, browserVersion: 147.0.7727.57, chrome: {chromedriverVersion: 147.0.7727.57 (b4f28b5637d0..., userDataDir: C:\Users\BHAVYA~1\AppData\L...}, fedcm:accounts: true, goog:chromeOptions: {debuggerAddress: localhost:57408}, goog:processID: 19916, networkConnectionEnabled: false, pageLoadStrategy: normal, platformName: windows, proxy: Proxy(), se:cdp: ws://localhost:57408/devtoo..., se:cdpVersion: 147.0.7727.57, setWindowRect: true, strictFileInteractability: false, timeouts: {implicit: 0, pageLoad: 300000, script: 30000}, unhandledPromptBehavior: dismiss and notify, webauthn:extension:credBlob: true, webauthn:extension:largeBlob: true, webauthn:extension:minPinLength: true, webauthn:extension:prf: true, webauthn:virtualAuthenticators: true}
Element: [[ChromeDriver: chrome on windows (8498e69286f5ea6a2596b643c26c4caf)] -&amp;gt; link text: Log out]
Session ID: 8498e69286f5ea6a2596b643c26c4caf">
      <![CDATA[org.openqa.selenium.ElementClickInterceptedException: element click intercepted: Element <a href="Logout.php">...</a> is not clickable at point (120, 660). Other element would receive the click: <p style="text-align:center;">...</p>
  (Session info: chrome=147.0.7727.57)
Build info: version: '4.21.0', revision: '79ed462ef4'
System info: os.name: 'Windows 11', os.arch: 'amd64', os.version: '10.0', java.version: '17.0.12'
Driver info: org.openqa.selenium.chrome.ChromeDriver
Command: [8498e69286f5ea6a2596b643c26c4caf, clickElement {id=f.F9E496468E6FA93C2BC7AFEFEB11BE8A.d.F218473D2001D6E7AFDEB4DD6DB20162.e.41}]
Capabilities {acceptInsecureCerts: false, browserName: chrome, browserVersion: 147.0.7727.57, chrome: {chromedriverVersion: 147.0.7727.57 (b4f28b5637d0..., userDataDir: C:\Users\BHAVYA~1\AppData\L...}, fedcm:accounts: true, goog:chromeOptions: {debuggerAddress: localhost:57408}, goog:processID: 19916, networkConnectionEnabled: false, pageLoadStrategy: normal, platformName: windows, proxy: Proxy(), se:cdp: ws://localhost:57408/devtoo..., se:cdpVersion: 147.0.7727.57, setWindowRect: true, strictFileInteractability: false, timeouts: {implicit: 0, pageLoad: 300000, script: 30000}, unhandledPromptBehavior: dismiss and notify, webauthn:extension:credBlob: true, webauthn:extension:largeBlob: true, webauthn:extension:minPinLength: true, webauthn:extension:prf: true, webauthn:virtualAuthenticators: true}
Element: [[ChromeDriver: chrome on windows (8498e69286f5ea6a2596b643c26c4caf)] -> link text: Log out]
Session ID: 8498e69286f5ea6a2596b643c26c4caf
at org.openqa.selenium.remote.ErrorCodec.decode(ErrorCodec.java:167)
at org.openqa.selenium.remote.codec.w3c.W3CHttpResponseCodec.decode(W3CHttpResponseCodec.java:138)
at org.openqa.selenium.remote.codec.w3c.W3CHttpResponseCodec.decode(W3CHttpResponseCodec.java:50)
at org.openqa.selenium.remote.HttpCommandExecutor.execute(HttpCommandExecutor.java:190)
at org.openqa.selenium.remote.service.DriverCommandExecutor.invokeExecute(DriverCommandExecutor.java:216)
at org.openqa.selenium.remote.service.DriverCommandExecutor.execute(DriverCommandExecutor.java:174)
at org.openqa.selenium.remote.RemoteWebDriver.execute(RemoteWebDriver.java:518)
at org.openqa.selenium.remote.RemoteWebElement.execute(RemoteWebElement.java:223)
at org.openqa.selenium.remote.RemoteWebElement.click(RemoteWebElement.java:76)
at base.BasePage.click(BasePage.java:30)
at pages.HomePage.clickLogout(HomePage.java:18)
at tests.LoginTest.verifyLogout(LoginTest.java:71)
at java.base/java.util.ArrayList.forEach(ArrayList.java:1511)
... Removed 32 stack frames]]>
    </failure>
  </testcase> <!-- verifyLogout -->
</testsuite> <!-- Login Tests -->
